{"C:\\Users\\moham\\OneDrive - um5.ac.ma\\Desktop\\RestoLedger\\api\\src\\audit\\audit.service.ts": {"path":"C:\\Users\\moham\\OneDrive - um5.ac.ma\\Desktop\\RestoLedger\\api\\src\\audit\\audit.service.ts","statementMap":{"0":{"start":{"line":1,"column":0},"end":{"line":1,"column":44}},"1":{"start":{"line":2,"column":0},"end":{"line":2,"column":55}},"2":{"start":{"line":22,"column":7},"end":{"line":36,"column":null}},"3":{"start":{"line":24,"column":4},"end":{"line":34,"column":7}},"4":{"start":{"line":22,"column":13},"end":{"line":22,"column":25}},"5":{"start":{"line":22,"column":13},"end":{"line":36,"column":null}}},"fnMap":{"0":{"name":"(anonymous_1)","decl":{"start":{"line":23,"column":2},"end":{"line":23,"column":7}},"loc":{"start":{"line":23,"column":63},"end":{"line":35,"column":3}}}},"branchMap":{"0":{"loc":{"start":{"line":31,"column":21},"end":{"line":31,"column":57}},"type":"binary-expr","locations":[{"start":{"line":31,"column":21},"end":{"line":31,"column":38}},{"start":{"line":31,"column":42},"end":{"line":31,"column":57}}]},"1":{"loc":{"start":{"line":32,"column":20},"end":{"line":32,"column":55}},"type":"binary-expr","locations":[{"start":{"line":32,"column":20},"end":{"line":32,"column":36}},{"start":{"line":32,"column":40},"end":{"line":32,"column":55}}]}},"s":{"0":2,"1":2,"2":2,"3":9,"4":2,"5":2},"f":{"0":9},"b":{"0":[9,7],"1":[9,0]}}
,"C:\\Users\\moham\\OneDrive - um5.ac.ma\\Desktop\\RestoLedger\\api\\src\\auth\\auth.controller.ts": {"path":"C:\\Users\\moham\\OneDrive - um5.ac.ma\\Desktop\\RestoLedger\\api\\src\\auth\\auth.controller.ts","statementMap":{"0":{"start":{"line":1,"column":0},"end":{"line":1,"column":78}},"1":{"start":{"line":2,"column":0},"end":{"line":2,"column":45}},"2":{"start":{"line":3,"column":0},"end":{"line":3,"column":45}},"3":{"start":{"line":4,"column":0},"end":{"line":4,"column":43}},"4":{"start":{"line":5,"column":0},"end":{"line":5,"column":47}},"5":{"start":{"line":6,"column":0},"end":{"line":6,"column":49}},"6":{"start":{"line":12,"column":22},"end":{"line":12,"column":61}},"7":{"start":{"line":15,"column":7},"end":{"line":37,"column":null}},"8":{"start":{"line":16,"column":31},"end":{"line":16,"column":44}},"9":{"start":{"line":21,"column":4},"end":{"line":21,"column":42}},"10":{"start":{"line":28,"column":4},"end":{"line":28,"column":39}},"11":{"start":{"line":35,"column":4},"end":{"line":35,"column":54}},"12":{"start":{"line":15,"column":13},"end":{"line":15,"column":27}},"13":{"start":{"line":20,"column":2},"end":{"line":22,"column":null}},"14":{"start":{"line":27,"column":2},"end":{"line":29,"column":null}},"15":{"start":{"line":34,"column":2},"end":{"line":36,"column":null}},"16":{"start":{"line":15,"column":13},"end":{"line":37,"column":null}}},"fnMap":{"0":{"name":"(anonymous_4)","decl":{"start":{"line":16,"column":2},"end":{"line":16,"column":31}},"loc":{"start":{"line":16,"column":55},"end":{"line":16,"column":59}}},"1":{"name":"(anonymous_5)","decl":{"start":{"line":20,"column":2},"end":{"line":20,"column":10}},"loc":{"start":{"line":20,"column":35},"end":{"line":22,"column":3}}},"2":{"name":"(anonymous_6)","decl":{"start":{"line":27,"column":2},"end":{"line":27,"column":7}},"loc":{"start":{"line":27,"column":29},"end":{"line":29,"column":3}}},"3":{"name":"(anonymous_7)","decl":{"start":{"line":34,"column":2},"end":{"line":34,"column":9}},"loc":{"start":{"line":34,"column":33},"end":{"line":36,"column":3}}}},"branchMap":{"0":{"loc":{"start":{"line":20,"column":24},"end":{"line":20,"column":null}},"type":"cond-expr","locations":[{"start":{"line":20,"column":35},"end":{"line":20,"column":null}},{"start":{"line":20,"column":35},"end":{"line":20,"column":null}}]},"1":{"loc":{"start":{"line":20,"column":24},"end":{"line":20,"column":35}},"type":"binary-expr","locations":[{"start":{"line":20,"column":24},"end":{"line":20,"column":null}},{"start":{"line":20,"column":24},"end":{"line":20,"column":35}}]},"2":{"loc":{"start":{"line":27,"column":21},"end":{"line":27,"column":null}},"type":"cond-expr","locations":[{"start":{"line":27,"column":29},"end":{"line":27,"column":null}},{"start":{"line":27,"column":29},"end":{"line":27,"column":null}}]},"3":{"loc":{"start":{"line":27,"column":21},"end":{"line":27,"column":29}},"type":"binary-expr","locations":[{"start":{"line":27,"column":21},"end":{"line":27,"column":null}},{"start":{"line":27,"column":21},"end":{"line":27,"column":29}}]},"4":{"loc":{"start":{"line":34,"column":23},"end":{"line":34,"column":null}},"type":"cond-expr","locations":[{"start":{"line":34,"column":33},"end":{"line":34,"column":null}},{"start":{"line":34,"column":33},"end":{"line":34,"column":null}}]},"5":{"loc":{"start":{"line":34,"column":23},"end":{"line":34,"column":33}},"type":"binary-expr","locations":[{"start":{"line":34,"column":23},"end":{"line":34,"column":null}},{"start":{"line":34,"column":23},"end":{"line":34,"column":33}}]},"6":{"loc":{"start":{"line":16,"column":44},"end":{"line":16,"column":58}},"type":"cond-expr","locations":[{"start":{"line":16,"column":55},"end":{"line":16,"column":58}},{"start":{"line":16,"column":55},"end":{"line":16,"column":58}}]},"7":{"loc":{"start":{"line":16,"column":44},"end":{"line":16,"column":55}},"type":"binary-expr","locations":[{"start":{"line":16,"column":44},"end":{"line":16,"column":58}},{"start":{"line":16,"column":44},"end":{"line":16,"column":55}}]}},"s":{"0":1,"1":1,"2":1,"3":1,"4":1,"5":1,"6":1,"7":1,"8":1,"9":11,"10":11,"11":0,"12":1,"13":1,"14":1,"15":1,"16":1},"f":{"0":1,"1":11,"2":11,"3":0},"b":{"0":[1,0],"1":[1,1],"2":[1,0],"3":[1,1],"4":[1,0],"5":[1,1],"6":[1,0],"7":[1,1]}}
,"C:\\Users\\moham\\OneDrive - um5.ac.ma\\Desktop\\RestoLedger\\api\\src\\auth\\auth.service.ts": {"path":"C:\\Users\\moham\\OneDrive - um5.ac.ma\\Desktop\\RestoLedger\\api\\src\\auth\\auth.service.ts","statementMap":{"0":{"start":{"line":1,"column":0},"end":{"line":1,"column":null}},"1":{"start":{"line":6,"column":0},"end":{"line":6,"column":47}},"2":{"start":{"line":7,"column":0},"end":{"line":7,"column":41}},"3":{"start":{"line":8,"column":0},"end":{"line":8,"column":33}},"4":{"start":{"line":9,"column":0},"end":{"line":9,"column":57}},"5":{"start":{"line":14,"column":22},"end":{"line":14,"column":24}},"6":{"start":{"line":15,"column":28},"end":{"line":15,"column":29}},"7":{"start":{"line":16,"column":28},"end":{"line":16,"column":42}},"8":{"start":{"line":19,"column":7},"end":{"line":110,"column":null}},"9":{"start":{"line":21,"column":21},"end":{"line":21,"column":29}},"10":{"start":{"line":22,"column":21},"end":{"line":22,"column":26}},"11":{"start":{"line":23,"column":21},"end":{"line":23,"column":29}},"12":{"start":{"line":27,"column":21},"end":{"line":27,"column":87}},"13":{"start":{"line":28,"column":4},"end":{"line":30,"column":5}},"14":{"start":{"line":29,"column":6},"end":{"line":29,"column":79}},"15":{"start":{"line":32,"column":25},"end":{"line":32,"column":71}},"16":{"start":{"line":33,"column":17},"end":{"line":35,"column":6}},"17":{"start":{"line":37,"column":4},"end":{"line":37,"column":49}},"18":{"start":{"line":41,"column":17},"end":{"line":41,"column":83}},"19":{"start":{"line":43,"column":31},"end":{"line":43,"column":91}},"20":{"start":{"line":43,"column":37},"end":{"line":43,"column":91}},"21":{"start":{"line":45,"column":4},"end":{"line":45,"column":42}},"22":{"start":{"line":45,"column":15},"end":{"line":45,"column":42}},"23":{"start":{"line":47,"column":4},"end":{"line":49,"column":5}},"24":{"start":{"line":48,"column":6},"end":{"line":48,"column":100}},"25":{"start":{"line":51,"column":28},"end":{"line":51,"column":81}},"26":{"start":{"line":52,"column":4},"end":{"line":55,"column":5}},"27":{"start":{"line":53,"column":6},"end":{"line":53,"column":74}},"28":{"start":{"line":54,"column":6},"end":{"line":54,"column":33}},"29":{"start":{"line":57,"column":4},"end":{"line":62,"column":5}},"30":{"start":{"line":58,"column":6},"end":{"line":61,"column":9}},"31":{"start":{"line":64,"column":4},"end":{"line":64,"column":49}},"32":{"start":{"line":69,"column":4},"end":{"line":75,"column":5}},"33":{"start":{"line":70,"column":6},"end":{"line":72,"column":9}},"34":{"start":{"line":74,"column":6},"end":{"line":74,"column":74}},"35":{"start":{"line":77,"column":17},"end":{"line":77,"column":82}},"36":{"start":{"line":78,"column":4},"end":{"line":78,"column":83}},"37":{"start":{"line":78,"column":15},"end":{"line":78,"column":83}},"38":{"start":{"line":80,"column":4},"end":{"line":80,"column":49}},"39":{"start":{"line":84,"column":21},"end":{"line":84,"column":40}},"40":{"start":{"line":86,"column":6},"end":{"line":86,"column":89}},"41":{"start":{"line":88,"column":4},"end":{"line":91,"column":7}},"42":{"start":{"line":95,"column":32},"end":{"line":95,"column":54}},"43":{"start":{"line":97,"column":40},"end":{"line":106,"column":6}},"44":{"start":{"line":108,"column":4},"end":{"line":108,"column":41}},"45":{"start":{"line":19,"column":13},"end":{"line":19,"column":24}},"46":{"start":{"line":19,"column":13},"end":{"line":110,"column":null}}},"fnMap":{"0":{"name":"(anonymous_11)","decl":{"start":{"line":20,"column":2},"end":{"line":20,"column":null}},"loc":{"start":{"line":23,"column":42},"end":{"line":24,"column":6}}},"1":{"name":"(anonymous_12)","decl":{"start":{"line":26,"column":2},"end":{"line":26,"column":7}},"loc":{"start":{"line":26,"column":33},"end":{"line":38,"column":3}}},"2":{"name":"(anonymous_13)","decl":{"start":{"line":40,"column":2},"end":{"line":40,"column":7}},"loc":{"start":{"line":40,"column":27},"end":{"line":65,"column":3}}},"3":{"name":"(anonymous_14)","decl":{"start":{"line":43,"column":31},"end":{"line":43,"column":34}},"loc":{"start":{"line":43,"column":37},"end":{"line":43,"column":91}}},"4":{"name":"(anonymous_15)","decl":{"start":{"line":67,"column":2},"end":{"line":67,"column":7}},"loc":{"start":{"line":67,"column":36},"end":{"line":81,"column":3}}},"5":{"name":"(anonymous_16)","decl":{"start":{"line":83,"column":10},"end":{"line":83,"column":15}},"loc":{"start":{"line":83,"column":77},"end":{"line":92,"column":3}}},"6":{"name":"(anonymous_17)","decl":{"start":{"line":94,"column":10},"end":{"line":94,"column":15}},"loc":{"start":{"line":94,"column":57},"end":{"line":109,"column":3}}}},"branchMap":{"0":{"loc":{"start":{"line":28,"column":4},"end":{"line":30,"column":5}},"type":"if","locations":[{"start":{"line":28,"column":4},"end":{"line":30,"column":5}},{"start":{},"end":{}}]},"1":{"loc":{"start":{"line":45,"column":4},"end":{"line":45,"column":42}},"type":"if","locations":[{"start":{"line":45,"column":4},"end":{"line":45,"column":42}},{"start":{},"end":{}}]},"2":{"loc":{"start":{"line":47,"column":4},"end":{"line":49,"column":5}},"type":"if","locations":[{"start":{"line":47,"column":4},"end":{"line":49,"column":5}},{"start":{},"end":{}}]},"3":{"loc":{"start":{"line":47,"column":8},"end":{"line":47,"column":57}},"type":"binary-expr","locations":[{"start":{"line":47,"column":8},"end":{"line":47,"column":24}},{"start":{"line":47,"column":28},"end":{"line":47,"column":57}}]},"4":{"loc":{"start":{"line":52,"column":4},"end":{"line":55,"column":5}},"type":"if","locations":[{"start":{"line":52,"column":4},"end":{"line":55,"column":5}},{"start":{},"end":{}}]},"5":{"loc":{"start":{"line":57,"column":4},"end":{"line":62,"column":5}},"type":"if","locations":[{"start":{"line":57,"column":4},"end":{"line":62,"column":5}},{"start":{},"end":{}}]},"6":{"loc":{"start":{"line":78,"column":4},"end":{"line":78,"column":83}},"type":"if","locations":[{"start":{"line":78,"column":4},"end":{"line":78,"column":83}},{"start":{},"end":{}}]},"7":{"loc":{"start":{"line":86,"column":6},"end":{"line":86,"column":89}},"type":"cond-expr","locations":[{"start":{"line":86,"column":40},"end":{"line":86,"column":82}},{"start":{"line":86,"column":85},"end":{"line":86,"column":89}}]},"8":{"loc":{"start":{"line":21,"column":29},"end":{"line":21,"column":null}},"type":"cond-expr","locations":[{"start":{"line":21,"column":42},"end":{"line":21,"column":null}},{"start":{"line":21,"column":42},"end":{"line":21,"column":null}}]},"9":{"loc":{"start":{"line":21,"column":29},"end":{"line":21,"column":42}},"type":"binary-expr","locations":[{"start":{"line":21,"column":29},"end":{"line":21,"column":null}},{"start":{"line":21,"column":29},"end":{"line":21,"column":42}}]},"10":{"loc":{"start":{"line":21,"column":42},"end":{"line":22,"column":null}},"type":"cond-expr","locations":[{"start":{"line":22,"column":36},"end":{"line":22,"column":null}},{"start":{"line":22,"column":36},"end":{"line":22,"column":null}}]},"11":{"loc":{"start":{"line":21,"column":42},"end":{"line":22,"column":36}},"type":"binary-expr","locations":[{"start":{"line":21,"column":42},"end":{"line":22,"column":null}},{"start":{"line":22,"column":26},"end":{"line":22,"column":36}}]},"12":{"loc":{"start":{"line":22,"column":36},"end":{"line":23,"column":null}},"type":"cond-expr","locations":[{"start":{"line":23,"column":42},"end":{"line":23,"column":null}},{"start":{"line":23,"column":42},"end":{"line":23,"column":null}}]},"13":{"loc":{"start":{"line":22,"column":36},"end":{"line":23,"column":42}},"type":"binary-expr","locations":[{"start":{"line":22,"column":36},"end":{"line":23,"column":null}},{"start":{"line":23,"column":29},"end":{"line":23,"column":42}}]}},"s":{"0":2,"1":2,"2":2,"3":2,"4":2,"5":2,"6":2,"7":2,"8":2,"9":10,"10":10,"11":10,"12":13,"13":13,"14":1,"15":12,"16":12,"17":12,"18":16,"19":16,"20":3,"21":16,"22":1,"23":15,"24":1,"25":14,"26":14,"27":2,"28":2,"29":12,"30":1,"31":12,"32":3,"33":3,"34":1,"35":2,"36":2,"37":1,"38":1,"39":2,"40":2,"41":2,"42":25,"43":25,"44":25,"45":2,"46":2},"f":{"0":10,"1":13,"2":16,"3":3,"4":3,"5":2,"6":25},"b":{"0":[1,12],"1":[1,15],"2":[1,14],"3":[15,1],"4":[2,12],"5":[1,11],"6":[1,1],"7":[1,1],"8":[2,0],"9":[2,2],"10":[2,0],"11":[2,2],"12":[2,0],"13":[2,2]}}
,"C:\\Users\\moham\\OneDrive - um5.ac.ma\\Desktop\\RestoLedger\\api\\src\\auth\\dto\\login.dto.ts": {"path":"C:\\Users\\moham\\OneDrive - um5.ac.ma\\Desktop\\RestoLedger\\api\\src\\auth\\dto\\login.dto.ts","statementMap":{"0":{"start":{"line":1,"column":0},"end":{"line":1,"column":52}},"1":{"start":{"line":3,"column":0},"end":{"line":3,"column":13}},"2":{"start":{"line":5,"column":2},"end":{"line":5,"column":null}},"3":{"start":{"line":8,"column":2},"end":{"line":8,"column":null}}},"fnMap":{},"branchMap":{},"s":{"0":1,"1":1,"2":1,"3":1},"f":{},"b":{}}
,"C:\\Users\\moham\\OneDrive - um5.ac.ma\\Desktop\\RestoLedger\\api\\src\\auth\\dto\\refresh.dto.ts": {"path":"C:\\Users\\moham\\OneDrive - um5.ac.ma\\Desktop\\RestoLedger\\api\\src\\auth\\dto\\refresh.dto.ts","statementMap":{"0":{"start":{"line":1,"column":0},"end":{"line":1,"column":43}},"1":{"start":{"line":3,"column":0},"end":{"line":3,"column":13}},"2":{"start":{"line":5,"column":2},"end":{"line":5,"column":null}}},"fnMap":{},"branchMap":{},"s":{"0":1,"1":1,"2":1},"f":{},"b":{}}
,"C:\\Users\\moham\\OneDrive - um5.ac.ma\\Desktop\\RestoLedger\\api\\src\\auth\\dto\\register.dto.ts": {"path":"C:\\Users\\moham\\OneDrive - um5.ac.ma\\Desktop\\RestoLedger\\api\\src\\auth\\dto\\register.dto.ts","statementMap":{"0":{"start":{"line":1,"column":0},"end":{"line":1,"column":63}},"1":{"start":{"line":3,"column":0},"end":{"line":3,"column":13}},"2":{"start":{"line":5,"column":2},"end":{"line":5,"column":null}},"3":{"start":{"line":9,"column":2},"end":{"line":9,"column":null}},"4":{"start":{"line":13,"column":2},"end":{"line":13,"column":null}}},"fnMap":{},"branchMap":{},"s":{"0":1,"1":1,"2":1,"3":1,"4":1},"f":{},"b":{}}
,"C:\\Users\\moham\\OneDrive - um5.ac.ma\\Desktop\\RestoLedger\\api\\src\\auth\\guards\\jwt-auth.guard.ts": {"path":"C:\\Users\\moham\\OneDrive - um5.ac.ma\\Desktop\\RestoLedger\\api\\src\\auth\\guards\\jwt-auth.guard.ts","statementMap":{"0":{"start":{"line":1,"column":0},"end":{"line":1,"column":44}},"1":{"start":{"line":2,"column":0},"end":{"line":2,"column":45}},"2":{"start":{"line":5,"column":7},"end":{"line":5,"column":null}},"3":{"start":{"line":5,"column":13},"end":{"line":5,"column":25}},"4":{"start":{"line":5,"column":13},"end":{"line":5,"column":null}}},"fnMap":{},"branchMap":{},"s":{"0":1,"1":1,"2":1,"3":1,"4":1},"f":{},"b":{}}
,"C:\\Users\\moham\\OneDrive - um5.ac.ma\\Desktop\\RestoLedger\\api\\src\\auth\\strategies\\jwt-access.strategy.ts": {"path":"C:\\Users\\moham\\OneDrive - um5.ac.ma\\Desktop\\RestoLedger\\api\\src\\auth\\strategies\\jwt-access.strategy.ts","statementMap":{"0":{"start":{"line":1,"column":0},"end":{"line":1,"column":44}},"1":{"start":{"line":2,"column":0},"end":{"line":2,"column":47}},"2":{"start":{"line":3,"column":0},"end":{"line":3,"column":52}},"3":{"start":{"line":4,"column":0},"end":{"line":4,"column":52}},"4":{"start":{"line":8,"column":7},"end":{"line":20,"column":null}},"5":{"start":{"line":10,"column":4},"end":{"line":14,"column":7}},"6":{"start":{"line":18,"column":4},"end":{"line":18,"column":19}},"7":{"start":{"line":8,"column":13},"end":{"line":8,"column":30}},"8":{"start":{"line":8,"column":13},"end":{"line":20,"column":null}}},"fnMap":{"0":{"name":"(anonymous_2)","decl":{"start":{"line":9,"column":2},"end":{"line":9,"column":14}},"loc":{"start":{"line":9,"column":35},"end":{"line":15,"column":3}}},"1":{"name":"(anonymous_3)","decl":{"start":{"line":17,"column":2},"end":{"line":17,"column":10}},"loc":{"start":{"line":17,"column":30},"end":{"line":19,"column":3}}}},"branchMap":{"0":{"loc":{"start":{"line":9,"column":22},"end":{"line":9,"column":null}},"type":"cond-expr","locations":[{"start":{"line":9,"column":35},"end":{"line":9,"column":null}},{"start":{"line":9,"column":35},"end":{"line":9,"column":null}}]},"1":{"loc":{"start":{"line":9,"column":22},"end":{"line":9,"column":35}},"type":"binary-expr","locations":[{"start":{"line":9,"column":22},"end":{"line":9,"column":null}},{"start":{"line":9,"column":22},"end":{"line":9,"column":35}}]}},"s":{"0":1,"1":1,"2":1,"3":1,"4":1,"5":1,"6":27,"7":1,"8":1},"f":{"0":1,"1":27},"b":{"0":[1,0],"1":[1,1]}}
,"C:\\Users\\moham\\OneDrive - um5.ac.ma\\Desktop\\RestoLedger\\api\\src\\common\\decorators\\current-user.decorator.ts": {"path":"C:\\Users\\moham\\OneDrive - um5.ac.ma\\Desktop\\RestoLedger\\api\\src\\common\\decorators\\current-user.decorator.ts","statementMap":{"0":{"start":{"line":1,"column":0},"end":{"line":1,"column":72}},"1":{"start":{"line":4,"column":13},"end":{"line":9,"column":2}},"2":{"start":{"line":6,"column":20},"end":{"line":6,"column":51}},"3":{"start":{"line":7,"column":4},"end":{"line":7,"column":24}}},"fnMap":{"0":{"name":"(anonymous_0)","decl":{"start":{"line":5,"column":2},"end":{"line":5,"column":3}},"loc":{"start":{"line":5,"column":56},"end":{"line":8,"column":3}}}},"branchMap":{},"s":{"0":1,"1":1,"2":20,"3":20},"f":{"0":20},"b":{}}
,"C:\\Users\\moham\\OneDrive - um5.ac.ma\\Desktop\\RestoLedger\\api\\src\\common\\decorators\\roles.decorator.ts": {"path":"C:\\Users\\moham\\OneDrive - um5.ac.ma\\Desktop\\RestoLedger\\api\\src\\common\\decorators\\roles.decorator.ts","statementMap":{"0":{"start":{"line":1,"column":0},"end":{"line":1,"column":45}},"1":{"start":{"line":4,"column":13},"end":{"line":4,"column":33}},"2":{"start":{"line":5,"column":21},"end":{"line":5,"column":72}},"3":{"start":{"line":5,"column":43},"end":{"line":5,"column":72}},"4":{"start":{"line":5,"column":13},"end":{"line":5,"column":21}}},"fnMap":{"0":{"name":"(anonymous_0)","decl":{"start":{"line":5,"column":21},"end":{"line":5,"column":22}},"loc":{"start":{"line":5,"column":43},"end":{"line":5,"column":72}}}},"branchMap":{},"s":{"0":2,"1":2,"2":2,"3":4,"4":2},"f":{"0":4},"b":{}}
,"C:\\Users\\moham\\OneDrive - um5.ac.ma\\Desktop\\RestoLedger\\api\\src\\common\\guards\\tenant-membership.guard.ts": {"path":"C:\\Users\\moham\\OneDrive - um5.ac.ma\\Desktop\\RestoLedger\\api\\src\\common\\guards\\tenant-membership.guard.ts","statementMap":{"0":{"start":{"line":1,"column":0},"end":{"line":1,"column":95}},"1":{"start":{"line":2,"column":0},"end":{"line":2,"column":41}},"2":{"start":{"line":3,"column":0},"end":{"line":3,"column":60}},"3":{"start":{"line":6,"column":0},"end":{"line":6,"column":58}},"4":{"start":{"line":19,"column":7},"end":{"line":57,"column":null}},"5":{"start":{"line":21,"column":21},"end":{"line":21,"column":29}},"6":{"start":{"line":22,"column":21},"end":{"line":22,"column":32}},"7":{"start":{"line":26,"column":20},"end":{"line":26,"column":55}},"8":{"start":{"line":27,"column":41},"end":{"line":27,"column":65}},"9":{"start":{"line":28,"column":41},"end":{"line":28,"column":53}},"10":{"start":{"line":30,"column":4},"end":{"line":32,"column":5}},"11":{"start":{"line":31,"column":6},"end":{"line":31,"column":65}},"12":{"start":{"line":34,"column":23},"end":{"line":37,"column":null}},"13":{"start":{"line":35,"column":6},"end":{"line":37,"column":8}},"14":{"start":{"line":40,"column":4},"end":{"line":42,"column":5}},"15":{"start":{"line":41,"column":6},"end":{"line":41,"column":74}},"16":{"start":{"line":44,"column":26},"end":{"line":47,"column":6}},"17":{"start":{"line":49,"column":4},"end":{"line":51,"column":5}},"18":{"start":{"line":50,"column":6},"end":{"line":50,"column":76}},"19":{"start":{"line":53,"column":4},"end":{"line":53,"column":32}},"20":{"start":{"line":54,"column":4},"end":{"line":54,"column":41}},"21":{"start":{"line":55,"column":4},"end":{"line":55,"column":16}},"22":{"start":{"line":19,"column":13},"end":{"line":19,"column":34}},"23":{"start":{"line":19,"column":13},"end":{"line":57,"column":null}}},"fnMap":{"0":{"name":"(anonymous_2)","decl":{"start":{"line":20,"column":2},"end":{"line":20,"column":null}},"loc":{"start":{"line":22,"column":41},"end":{"line":23,"column":6}}},"1":{"name":"(anonymous_3)","decl":{"start":{"line":25,"column":2},"end":{"line":25,"column":7}},"loc":{"start":{"line":25,"column":45},"end":{"line":56,"column":3}}},"2":{"name":"(anonymous_4)","decl":{"start":{"line":34,"column":62},"end":{"line":34,"column":63}},"loc":{"start":{"line":35,"column":6},"end":{"line":37,"column":8}}}},"branchMap":{"0":{"loc":{"start":{"line":30,"column":4},"end":{"line":32,"column":5}},"type":"if","locations":[{"start":{"line":30,"column":4},"end":{"line":32,"column":5}},{"start":{},"end":{}}]},"1":{"loc":{"start":{"line":30,"column":8},"end":{"line":30,"column":26}},"type":"binary-expr","locations":[{"start":{"line":30,"column":8},"end":{"line":30,"column":17}},{"start":{"line":30,"column":21},"end":{"line":30,"column":26}}]},"2":{"loc":{"start":{"line":40,"column":4},"end":{"line":42,"column":5}},"type":"if","locations":[{"start":{"line":40,"column":4},"end":{"line":42,"column":5}},{"start":{},"end":{}}]},"3":{"loc":{"start":{"line":49,"column":4},"end":{"line":51,"column":5}},"type":"if","locations":[{"start":{"line":49,"column":4},"end":{"line":51,"column":5}},{"start":{},"end":{}}]},"4":{"loc":{"start":{"line":49,"column":8},"end":{"line":49,"column":81}},"type":"binary-expr","locations":[{"start":{"line":49,"column":8},"end":{"line":49,"column":29}},{"start":{"line":49,"column":33},"end":{"line":49,"column":81}}]},"5":{"loc":{"start":{"line":21,"column":29},"end":{"line":21,"column":null}},"type":"cond-expr","locations":[{"start":{"line":21,"column":42},"end":{"line":21,"column":null}},{"start":{"line":21,"column":42},"end":{"line":21,"column":null}}]},"6":{"loc":{"start":{"line":21,"column":29},"end":{"line":21,"column":42}},"type":"binary-expr","locations":[{"start":{"line":21,"column":29},"end":{"line":21,"column":null}},{"start":{"line":21,"column":29},"end":{"line":21,"column":42}}]},"7":{"loc":{"start":{"line":21,"column":42},"end":{"line":22,"column":null}},"type":"cond-expr","locations":[{"start":{"line":22,"column":41},"end":{"line":22,"column":null}},{"start":{"line":22,"column":41},"end":{"line":22,"column":null}}]},"8":{"loc":{"start":{"line":21,"column":42},"end":{"line":22,"column":41}},"type":"binary-expr","locations":[{"start":{"line":21,"column":42},"end":{"line":22,"column":null}},{"start":{"line":22,"column":32},"end":{"line":22,"column":41}}]}},"s":{"0":2,"1":2,"2":2,"3":2,"4":2,"5":8,"6":8,"7":22,"8":22,"9":22,"10":22,"11":1,"12":21,"13":17,"14":21,"15":2,"16":19,"17":19,"18":3,"19":16,"20":16,"21":16,"22":2,"23":2},"f":{"0":8,"1":22,"2":17},"b":{"0":[1,21],"1":[22,21],"2":[2,19],"3":[3,16],"4":[19,18],"5":[2,0],"6":[2,2],"7":[2,0],"8":[2,2]}}
,"C:\\Users\\moham\\OneDrive - um5.ac.ma\\Desktop\\RestoLedger\\api\\src\\health\\health.controller.ts": {"path":"C:\\Users\\moham\\OneDrive - um5.ac.ma\\Desktop\\RestoLedger\\api\\src\\health\\health.controller.ts","statementMap":{"0":{"start":{"line":1,"column":0},"end":{"line":1,"column":49}},"1":{"start":{"line":4,"column":7},"end":{"line":9,"column":null}},"2":{"start":{"line":7,"column":4},"end":{"line":7,"column":28}},"3":{"start":{"line":4,"column":13},"end":{"line":4,"column":29}},"4":{"start":{"line":6,"column":2},"end":{"line":8,"column":null}},"5":{"start":{"line":4,"column":13},"end":{"line":9,"column":null}}},"fnMap":{"0":{"name":"(anonymous_2)","decl":{"start":{"line":6,"column":2},"end":{"line":6,"column":7}},"loc":{"start":{"line":6,"column":7},"end":{"line":8,"column":3}}}},"branchMap":{},"s":{"0":1,"1":1,"2":0,"3":1,"4":1,"5":1},"f":{"0":0},"b":{}}
,"C:\\Users\\moham\\OneDrive - um5.ac.ma\\Desktop\\RestoLedger\\api\\src\\ledger\\ledger.controller.ts": {"path":"C:\\Users\\moham\\OneDrive - um5.ac.ma\\Desktop\\RestoLedger\\api\\src\\ledger\\ledger.controller.ts","statementMap":{"0":{"start":{"line":1,"column":0},"end":{"line":1,"column":86}},"1":{"start":{"line":2,"column":0},"end":{"line":2,"column":61}},"2":{"start":{"line":4,"column":0},"end":{"line":4,"column":74}},"3":{"start":{"line":5,"column":0},"end":{"line":5,"column":61}},"4":{"start":{"line":6,"column":0},"end":{"line":6,"column":81}},"5":{"start":{"line":7,"column":0},"end":{"line":7,"column":52}},"6":{"start":{"line":8,"column":0},"end":{"line":8,"column":69}},"7":{"start":{"line":9,"column":0},"end":{"line":9,"column":71}},"8":{"start":{"line":10,"column":0},"end":{"line":10,"column":49}},"9":{"start":{"line":14,"column":7},"end":{"line":47,"column":null}},"10":{"start":{"line":15,"column":31},"end":{"line":15,"column":46}},"11":{"start":{"line":24,"column":4},"end":{"line":24,"column":67}},"12":{"start":{"line":34,"column":4},"end":{"line":34,"column":93}},"13":{"start":{"line":45,"column":4},"end":{"line":45,"column":77}},"14":{"start":{"line":14,"column":13},"end":{"line":14,"column":29}},"15":{"start":{"line":19,"column":2},"end":{"line":25,"column":null}},"16":{"start":{"line":29,"column":2},"end":{"line":35,"column":null}},"17":{"start":{"line":39,"column":2},"end":{"line":46,"column":null}},"18":{"start":{"line":14,"column":13},"end":{"line":47,"column":null}}},"fnMap":{"0":{"name":"(anonymous_4)","decl":{"start":{"line":15,"column":2},"end":{"line":15,"column":31}},"loc":{"start":{"line":15,"column":59},"end":{"line":15,"column":63}}},"1":{"name":"(anonymous_5)","decl":{"start":{"line":19,"column":2},"end":{"line":19,"column":8}},"loc":{"start":{"line":22,"column":37},"end":{"line":25,"column":3}}},"2":{"name":"(anonymous_6)","decl":{"start":{"line":29,"column":2},"end":{"line":29,"column":6}},"loc":{"start":{"line":32,"column":32},"end":{"line":35,"column":3}}},"3":{"name":"(anonymous_7)","decl":{"start":{"line":39,"column":2},"end":{"line":39,"column":9}},"loc":{"start":{"line":43,"column":38},"end":{"line":46,"column":3}}}},"branchMap":{"0":{"loc":{"start":{"line":34,"column":60},"end":{"line":34,"column":91}},"type":"cond-expr","locations":[{"start":{"line":34,"column":67},"end":{"line":34,"column":79}},{"start":{"line":34,"column":82},"end":{"line":34,"column":91}}]},"1":{"loc":{"start":{"line":22,"column":17},"end":{"line":22,"column":null}},"type":"cond-expr","locations":[{"start":{"line":22,"column":37},"end":{"line":22,"column":null}},{"start":{"line":22,"column":37},"end":{"line":22,"column":null}}]},"2":{"loc":{"start":{"line":22,"column":17},"end":{"line":22,"column":37}},"type":"binary-expr","locations":[{"start":{"line":22,"column":17},"end":{"line":22,"column":null}},{"start":{"line":22,"column":17},"end":{"line":22,"column":37}}]},"3":{"loc":{"start":{"line":43,"column":17},"end":{"line":43,"column":null}},"type":"cond-expr","locations":[{"start":{"line":43,"column":38},"end":{"line":43,"column":null}},{"start":{"line":43,"column":38},"end":{"line":43,"column":null}}]},"4":{"loc":{"start":{"line":43,"column":17},"end":{"line":43,"column":38}},"type":"binary-expr","locations":[{"start":{"line":43,"column":17},"end":{"line":43,"column":null}},{"start":{"line":43,"column":17},"end":{"line":43,"column":38}}]},"5":{"loc":{"start":{"line":15,"column":46},"end":{"line":15,"column":62}},"type":"cond-expr","locations":[{"start":{"line":15,"column":59},"end":{"line":15,"column":62}},{"start":{"line":15,"column":59},"end":{"line":15,"column":62}}]},"6":{"loc":{"start":{"line":15,"column":46},"end":{"line":15,"column":59}},"type":"binary-expr","locations":[{"start":{"line":15,"column":46},"end":{"line":15,"column":62}},{"start":{"line":15,"column":46},"end":{"line":15,"column":59}}]}},"s":{"0":1,"1":1,"2":1,"3":1,"4":1,"5":1,"6":1,"7":1,"8":1,"9":1,"10":1,"11":7,"12":2,"13":3,"14":1,"15":1,"16":1,"17":1,"18":1},"f":{"0":1,"1":7,"2":2,"3":3},"b":{"0":[2,0],"1":[1,0],"2":[1,1],"3":[1,0],"4":[1,1],"5":[1,0],"6":[1,1]}}
,"C:\\Users\\moham\\OneDrive - um5.ac.ma\\Desktop\\RestoLedger\\api\\src\\ledger\\ledger.mapper.ts": {"path":"C:\\Users\\moham\\OneDrive - um5.ac.ma\\Desktop\\RestoLedger\\api\\src\\ledger\\ledger.mapper.ts","statementMap":{"0":{"start":{"line":5,"column":0},"end":{"line":5,"column":16}},"1":{"start":{"line":6,"column":35},"end":{"line":6,"column":40}},"2":{"start":{"line":7,"column":15},"end":{"line":7,"column":42}},"3":{"start":{"line":8,"column":14},"end":{"line":8,"column":59}},"4":{"start":{"line":9,"column":16},"end":{"line":9,"column":26}},"5":{"start":{"line":10,"column":16},"end":{"line":10,"column":56}},"6":{"start":{"line":12,"column":2},"end":{"line":12,"column":57}}},"fnMap":{"0":{"name":"toLedgerEntryResponse","decl":{"start":{"line":5,"column":16},"end":{"line":5,"column":37}},"loc":{"start":{"line":5,"column":81},"end":{"line":13,"column":1}}}},"branchMap":{"0":{"loc":{"start":{"line":7,"column":15},"end":{"line":7,"column":42}},"type":"cond-expr","locations":[{"start":{"line":7,"column":34},"end":{"line":7,"column":37}},{"start":{"line":7,"column":40},"end":{"line":7,"column":42}}]},"1":{"loc":{"start":{"line":8,"column":14},"end":{"line":8,"column":59}},"type":"cond-expr","locations":[{"start":{"line":8,"column":33},"end":{"line":8,"column":45}},{"start":{"line":8,"column":48},"end":{"line":8,"column":59}}]}},"s":{"0":3,"1":20,"2":20,"3":20,"4":20,"5":20,"6":20},"f":{"0":20},"b":{"0":[4,16],"1":[4,16]}}
,"C:\\Users\\moham\\OneDrive - um5.ac.ma\\Desktop\\RestoLedger\\api\\src\\ledger\\ledger.service.ts": {"path":"C:\\Users\\moham\\OneDrive - um5.ac.ma\\Desktop\\RestoLedger\\api\\src\\ledger\\ledger.service.ts","statementMap":{"0":{"start":{"line":1,"column":0},"end":{"line":1,"column":84}},"1":{"start":{"line":2,"column":0},"end":{"line":2,"column":57}},"2":{"start":{"line":3,"column":0},"end":{"line":3,"column":54}},"3":{"start":{"line":6,"column":0},"end":{"line":6,"column":56}},"4":{"start":{"line":9,"column":7},"end":{"line":100,"column":null}},"5":{"start":{"line":11,"column":21},"end":{"line":11,"column":29}},"6":{"start":{"line":12,"column":21},"end":{"line":12,"column":28}},"7":{"start":{"line":16,"column":24},"end":{"line":16,"column":60}},"8":{"start":{"line":18,"column":18},"end":{"line":40,"column":6}},"9":{"start":{"line":19,"column":22},"end":{"line":28,"column":8}},"10":{"start":{"line":30,"column":6},"end":{"line":37,"column":9}},"11":{"start":{"line":39,"column":6},"end":{"line":39,"column":21}},"12":{"start":{"line":42,"column":4},"end":{"line":42,"column":40}},"13":{"start":{"line":46,"column":20},"end":{"line":52,"column":null}},"14":{"start":{"line":47,"column":6},"end":{"line":52,"column":8}},"15":{"start":{"line":55,"column":4},"end":{"line":55,"column":46}},"16":{"start":{"line":64,"column":21},"end":{"line":96,"column":6}},"17":{"start":{"line":65,"column":23},"end":{"line":65,"column":82}},"18":{"start":{"line":66,"column":6},"end":{"line":68,"column":7}},"19":{"start":{"line":67,"column":8},"end":{"line":67,"column":62}},"20":{"start":{"line":69,"column":6},"end":{"line":71,"column":7}},"21":{"start":{"line":70,"column":8},"end":{"line":70,"column":73}},"22":{"start":{"line":73,"column":22},"end":{"line":83,"column":8}},"23":{"start":{"line":85,"column":6},"end":{"line":93,"column":9}},"24":{"start":{"line":95,"column":6},"end":{"line":95,"column":21}},"25":{"start":{"line":98,"column":4},"end":{"line":98,"column":43}},"26":{"start":{"line":9,"column":13},"end":{"line":9,"column":26}},"27":{"start":{"line":9,"column":13},"end":{"line":100,"column":null}}},"fnMap":{"0":{"name":"(anonymous_2)","decl":{"start":{"line":10,"column":2},"end":{"line":10,"column":null}},"loc":{"start":{"line":12,"column":40},"end":{"line":13,"column":6}}},"1":{"name":"(anonymous_3)","decl":{"start":{"line":15,"column":2},"end":{"line":15,"column":7}},"loc":{"start":{"line":15,"column":84},"end":{"line":43,"column":3}}},"2":{"name":"(anonymous_4)","decl":{"start":{"line":18,"column":57},"end":{"line":18,"column":62}},"loc":{"start":{"line":18,"column":70},"end":{"line":40,"column":5}}},"3":{"name":"(anonymous_5)","decl":{"start":{"line":45,"column":2},"end":{"line":45,"column":7}},"loc":{"start":{"line":45,"column":64},"end":{"line":56,"column":3}}},"4":{"name":"(anonymous_6)","decl":{"start":{"line":46,"column":59},"end":{"line":46,"column":60}},"loc":{"start":{"line":47,"column":6},"end":{"line":52,"column":8}}},"5":{"name":"(anonymous_7)","decl":{"start":{"line":58,"column":2},"end":{"line":58,"column":7}},"loc":{"start":{"line":62,"column":30},"end":{"line":99,"column":3}}},"6":{"name":"(anonymous_8)","decl":{"start":{"line":64,"column":60},"end":{"line":64,"column":65}},"loc":{"start":{"line":64,"column":73},"end":{"line":96,"column":5}}}},"branchMap":{"0":{"loc":{"start":{"line":25,"column":22},"end":{"line":25,"column":76}},"type":"cond-expr","locations":[{"start":{"line":25,"column":39},"end":{"line":25,"column":63}},{"start":{"line":25,"column":66},"end":{"line":25,"column":76}}]},"1":{"loc":{"start":{"line":45,"column":55},"end":{"line":45,"column":64}},"type":"default-arg","locations":[{"start":{"line":45,"column":62},"end":{"line":45,"column":64}}]},"2":{"loc":{"start":{"line":51,"column":12},"end":{"line":51,"column":61}},"type":"cond-expr","locations":[{"start":{"line":51,"column":21},"end":{"line":51,"column":56}},{"start":{"line":51,"column":59},"end":{"line":51,"column":61}}]},"3":{"loc":{"start":{"line":66,"column":6},"end":{"line":68,"column":7}},"type":"if","locations":[{"start":{"line":66,"column":6},"end":{"line":68,"column":7}},{"start":{},"end":{}}]},"4":{"loc":{"start":{"line":66,"column":10},"end":{"line":66,"column":53}},"type":"binary-expr","locations":[{"start":{"line":66,"column":10},"end":{"line":66,"column":19}},{"start":{"line":66,"column":23},"end":{"line":66,"column":53}}]},"5":{"loc":{"start":{"line":69,"column":6},"end":{"line":71,"column":7}},"type":"if","locations":[{"start":{"line":69,"column":6},"end":{"line":71,"column":7}},{"start":{},"end":{}}]},"6":{"loc":{"start":{"line":11,"column":29},"end":{"line":11,"column":null}},"type":"cond-expr","locations":[{"start":{"line":11,"column":42},"end":{"line":11,"column":null}},{"start":{"line":11,"column":42},"end":{"line":11,"column":null}}]},"7":{"loc":{"start":{"line":11,"column":29},"end":{"line":11,"column":42}},"type":"binary-expr","locations":[{"start":{"line":11,"column":29},"end":{"line":11,"column":null}},{"start":{"line":11,"column":29},"end":{"line":11,"column":42}}]},"8":{"loc":{"start":{"line":11,"column":42},"end":{"line":12,"column":null}},"type":"cond-expr","locations":[{"start":{"line":12,"column":40},"end":{"line":12,"column":null}},{"start":{"line":12,"column":40},"end":{"line":12,"column":null}}]},"9":{"loc":{"start":{"line":11,"column":42},"end":{"line":12,"column":40}},"type":"binary-expr","locations":[{"start":{"line":11,"column":42},"end":{"line":12,"column":null}},{"start":{"line":12,"column":28},"end":{"line":12,"column":40}}]}},"s":{"0":2,"1":2,"2":2,"3":2,"4":2,"5":7,"6":7,"7":9,"8":9,"9":9,"10":9,"11":9,"12":9,"13":2,"14":2,"15":2,"16":7,"17":7,"18":7,"19":2,"20":5,"21":2,"22":3,"23":3,"24":3,"25":3,"26":2,"27":2},"f":{"0":7,"1":9,"2":9,"3":2,"4":2,"5":7,"6":7},"b":{"0":[0,9],"1":[0],"2":[1,1],"3":[2,5],"4":[7,6],"5":[2,3],"6":[2,0],"7":[2,2],"8":[2,0],"9":[2,2]}}
,"C:\\Users\\moham\\OneDrive - um5.ac.ma\\Desktop\\RestoLedger\\api\\src\\ledger\\dto\\create-ledger-entry.dto.ts": {"path":"C:\\Users\\moham\\OneDrive - um5.ac.ma\\Desktop\\RestoLedger\\api\\src\\ledger\\dto\\create-ledger-entry.dto.ts","statementMap":{"0":{"start":{"line":1,"column":0},"end":{"line":1,"column":105}},"1":{"start":{"line":2,"column":0},"end":{"line":2,"column":66}},"2":{"start":{"line":6,"column":23},"end":{"line":6,"column":82}},"3":{"start":{"line":8,"column":0},"end":{"line":8,"column":13}},"4":{"start":{"line":10,"column":2},"end":{"line":10,"column":null}},"5":{"start":{"line":15,"column":2},"end":{"line":15,"column":null}},"6":{"start":{"line":20,"column":2},"end":{"line":20,"column":null}},"7":{"start":{"line":24,"column":2},"end":{"line":24,"column":null}}},"fnMap":{},"branchMap":{},"s":{"0":1,"1":1,"2":1,"3":1,"4":1,"5":1,"6":1,"7":1},"f":{},"b":{}}
,"C:\\Users\\moham\\OneDrive - um5.ac.ma\\Desktop\\RestoLedger\\api\\src\\ledger\\dto\\reverse-ledger-entry.dto.ts": {"path":"C:\\Users\\moham\\OneDrive - um5.ac.ma\\Desktop\\RestoLedger\\api\\src\\ledger\\dto\\reverse-ledger-entry.dto.ts","statementMap":{"0":{"start":{"line":1,"column":0},"end":{"line":1,"column":54}},"1":{"start":{"line":3,"column":0},"end":{"line":3,"column":13}},"2":{"start":{"line":6,"column":2},"end":{"line":6,"column":null}}},"fnMap":{},"branchMap":{},"s":{"0":1,"1":1,"2":1},"f":{},"b":{}}
,"C:\\Users\\moham\\OneDrive - um5.ac.ma\\Desktop\\RestoLedger\\api\\src\\prisma\\prisma.service.ts": {"path":"C:\\Users\\moham\\OneDrive - um5.ac.ma\\Desktop\\RestoLedger\\api\\src\\prisma\\prisma.service.ts","statementMap":{"0":{"start":{"line":1,"column":0},"end":{"line":1,"column":75}},"1":{"start":{"line":2,"column":0},"end":{"line":2,"column":47}},"2":{"start":{"line":3,"column":0},"end":{"line":3,"column":46}},"3":{"start":{"line":4,"column":0},"end":{"line":4,"column":61}},"4":{"start":{"line":14,"column":17},"end":{"line":14,"column":55}},"5":{"start":{"line":22,"column":7},"end":{"line":79,"column":null}},"6":{"start":{"line":24,"column":29},"end":{"line":24,"column":74}},"7":{"start":{"line":25,"column":4},"end":{"line":25,"column":59}},"8":{"start":{"line":29,"column":4},"end":{"line":29,"column":26}},"9":{"start":{"line":33,"column":4},"end":{"line":33,"column":29}},"10":{"start":{"line":56,"column":4},"end":{"line":59,"column":7}},"11":{"start":{"line":57,"column":6},"end":{"line":57,"column":144}},"12":{"start":{"line":58,"column":6},"end":{"line":58,"column":20}},"13":{"start":{"line":74,"column":4},"end":{"line":77,"column":7}},"14":{"start":{"line":75,"column":6},"end":{"line":75,"column":142}},"15":{"start":{"line":76,"column":6},"end":{"line":76,"column":20}},"16":{"start":{"line":22,"column":13},"end":{"line":22,"column":26}},"17":{"start":{"line":22,"column":13},"end":{"line":79,"column":null}}},"fnMap":{"0":{"name":"(anonymous_2)","decl":{"start":{"line":23,"column":2},"end":{"line":23,"column":14}},"loc":{"start":{"line":23,"column":35},"end":{"line":26,"column":3}}},"1":{"name":"(anonymous_3)","decl":{"start":{"line":28,"column":2},"end":{"line":28,"column":7}},"loc":{"start":{"line":28,"column":20},"end":{"line":30,"column":3}}},"2":{"name":"(anonymous_4)","decl":{"start":{"line":32,"column":2},"end":{"line":32,"column":7}},"loc":{"start":{"line":32,"column":23},"end":{"line":34,"column":3}}},"3":{"name":"(anonymous_5)","decl":{"start":{"line":52,"column":2},"end":{"line":52,"column":7}},"loc":{"start":{"line":54,"column":42},"end":{"line":60,"column":3}}},"4":{"name":"(anonymous_6)","decl":{"start":{"line":56,"column":29},"end":{"line":56,"column":34}},"loc":{"start":{"line":56,"column":42},"end":{"line":59,"column":5}}},"5":{"name":"(anonymous_7)","decl":{"start":{"line":70,"column":2},"end":{"line":70,"column":7}},"loc":{"start":{"line":72,"column":42},"end":{"line":78,"column":3}}},"6":{"name":"(anonymous_8)","decl":{"start":{"line":74,"column":29},"end":{"line":74,"column":34}},"loc":{"start":{"line":74,"column":42},"end":{"line":77,"column":5}}}},"branchMap":{"0":{"loc":{"start":{"line":23,"column":22},"end":{"line":23,"column":null}},"type":"cond-expr","locations":[{"start":{"line":23,"column":35},"end":{"line":23,"column":null}},{"start":{"line":23,"column":35},"end":{"line":23,"column":null}}]},"1":{"loc":{"start":{"line":23,"column":22},"end":{"line":23,"column":35}},"type":"binary-expr","locations":[{"start":{"line":23,"column":22},"end":{"line":23,"column":null}},{"start":{"line":23,"column":22},"end":{"line":23,"column":35}}]}},"s":{"0":4,"1":4,"2":4,"3":4,"4":4,"5":4,"6":1,"7":1,"8":1,"9":1,"10":42,"11":42,"12":42,"13":1,"14":1,"15":1,"16":4,"17":4},"f":{"0":1,"1":1,"2":1,"3":42,"4":42,"5":1,"6":1},"b":{"0":[4,0],"1":[4,4]}}
,"C:\\Users\\moham\\OneDrive - um5.ac.ma\\Desktop\\RestoLedger\\api\\src\\tenants\\tenants.controller.ts": {"path":"C:\\Users\\moham\\OneDrive - um5.ac.ma\\Desktop\\RestoLedger\\api\\src\\tenants\\tenants.controller.ts","statementMap":{"0":{"start":{"line":1,"column":0},"end":{"line":1,"column":79}},"1":{"start":{"line":2,"column":0},"end":{"line":2,"column":61}},"2":{"start":{"line":3,"column":0},"end":{"line":3,"column":74}},"3":{"start":{"line":4,"column":0},"end":{"line":4,"column":61}},"4":{"start":{"line":5,"column":0},"end":{"line":5,"column":81}},"5":{"start":{"line":7,"column":0},"end":{"line":7,"column":52}},"6":{"start":{"line":8,"column":0},"end":{"line":8,"column":60}},"7":{"start":{"line":9,"column":0},"end":{"line":9,"column":58}},"8":{"start":{"line":10,"column":0},"end":{"line":10,"column":51}},"9":{"start":{"line":14,"column":7},"end":{"line":33,"column":null}},"10":{"start":{"line":15,"column":31},"end":{"line":15,"column":47}},"11":{"start":{"line":19,"column":4},"end":{"line":19,"column":64}},"12":{"start":{"line":24,"column":4},"end":{"line":24,"column":55}},"13":{"start":{"line":31,"column":4},"end":{"line":31,"column":60}},"14":{"start":{"line":14,"column":13},"end":{"line":14,"column":30}},"15":{"start":{"line":18,"column":2},"end":{"line":20,"column":null}},"16":{"start":{"line":23,"column":2},"end":{"line":25,"column":null}},"17":{"start":{"line":30,"column":2},"end":{"line":32,"column":null}},"18":{"start":{"line":14,"column":13},"end":{"line":33,"column":null}}},"fnMap":{"0":{"name":"(anonymous_4)","decl":{"start":{"line":15,"column":2},"end":{"line":15,"column":31}},"loc":{"start":{"line":15,"column":61},"end":{"line":15,"column":65}}},"1":{"name":"(anonymous_5)","decl":{"start":{"line":18,"column":2},"end":{"line":18,"column":14}},"loc":{"start":{"line":18,"column":76},"end":{"line":20,"column":3}}},"2":{"name":"(anonymous_6)","decl":{"start":{"line":23,"column":2},"end":{"line":23,"column":10}},"loc":{"start":{"line":23,"column":42},"end":{"line":25,"column":3}}},"3":{"name":"(anonymous_7)","decl":{"start":{"line":30,"column":2},"end":{"line":30,"column":15}},"loc":{"start":{"line":30,"column":82},"end":{"line":32,"column":3}}}},"branchMap":{"0":{"loc":{"start":{"line":18,"column":61},"end":{"line":18,"column":null}},"type":"cond-expr","locations":[{"start":{"line":18,"column":76},"end":{"line":18,"column":null}},{"start":{"line":18,"column":76},"end":{"line":18,"column":null}}]},"1":{"loc":{"start":{"line":18,"column":61},"end":{"line":18,"column":76}},"type":"binary-expr","locations":[{"start":{"line":18,"column":61},"end":{"line":18,"column":null}},{"start":{"line":18,"column":61},"end":{"line":18,"column":76}}]},"2":{"loc":{"start":{"line":30,"column":66},"end":{"line":30,"column":null}},"type":"cond-expr","locations":[{"start":{"line":30,"column":82},"end":{"line":30,"column":null}},{"start":{"line":30,"column":82},"end":{"line":30,"column":null}}]},"3":{"loc":{"start":{"line":30,"column":66},"end":{"line":30,"column":82}},"type":"binary-expr","locations":[{"start":{"line":30,"column":66},"end":{"line":30,"column":null}},{"start":{"line":30,"column":66},"end":{"line":30,"column":82}}]},"4":{"loc":{"start":{"line":15,"column":47},"end":{"line":15,"column":64}},"type":"cond-expr","locations":[{"start":{"line":15,"column":61},"end":{"line":15,"column":64}},{"start":{"line":15,"column":61},"end":{"line":15,"column":64}}]},"5":{"loc":{"start":{"line":15,"column":47},"end":{"line":15,"column":61}},"type":"binary-expr","locations":[{"start":{"line":15,"column":47},"end":{"line":15,"column":64}},{"start":{"line":15,"column":47},"end":{"line":15,"column":61}}]}},"s":{"0":1,"1":1,"2":1,"3":1,"4":1,"5":1,"6":1,"7":1,"8":1,"9":1,"10":1,"11":9,"12":1,"13":2,"14":1,"15":1,"16":1,"17":1,"18":1},"f":{"0":1,"1":9,"2":1,"3":2},"b":{"0":[1,0],"1":[1,1],"2":[1,0],"3":[1,1],"4":[1,0],"5":[1,1]}}
,"C:\\Users\\moham\\OneDrive - um5.ac.ma\\Desktop\\RestoLedger\\api\\src\\tenants\\tenants.service.ts": {"path":"C:\\Users\\moham\\OneDrive - um5.ac.ma\\Desktop\\RestoLedger\\api\\src\\tenants\\tenants.service.ts","statementMap":{"0":{"start":{"line":1,"column":0},"end":{"line":1,"column":63}},"1":{"start":{"line":2,"column":0},"end":{"line":2,"column":57}},"2":{"start":{"line":3,"column":0},"end":{"line":3,"column":52}},"3":{"start":{"line":7,"column":7},"end":{"line":51,"column":null}},"4":{"start":{"line":8,"column":31},"end":{"line":8,"column":39}},"5":{"start":{"line":19,"column":19},"end":{"line":19,"column":70}},"6":{"start":{"line":21,"column":4},"end":{"line":25,"column":6}},"7":{"start":{"line":22,"column":6},"end":{"line":24,"column":8}},"8":{"start":{"line":27,"column":4},"end":{"line":27,"column":18}},"9":{"start":{"line":31,"column":4},"end":{"line":36,"column":6}},"10":{"start":{"line":32,"column":6},"end":{"line":35,"column":8}},"11":{"start":{"line":40,"column":4},"end":{"line":49,"column":7}},"12":{"start":{"line":41,"column":19},"end":{"line":41,"column":76}},"13":{"start":{"line":42,"column":6},"end":{"line":44,"column":7}},"14":{"start":{"line":43,"column":8},"end":{"line":43,"column":99}},"15":{"start":{"line":46,"column":6},"end":{"line":48,"column":9}},"16":{"start":{"line":7,"column":13},"end":{"line":7,"column":27}},"17":{"start":{"line":7,"column":13},"end":{"line":51,"column":null}}},"fnMap":{"0":{"name":"(anonymous_2)","decl":{"start":{"line":8,"column":2},"end":{"line":8,"column":31}},"loc":{"start":{"line":8,"column":52},"end":{"line":8,"column":56}}},"1":{"name":"(anonymous_3)","decl":{"start":{"line":18,"column":2},"end":{"line":18,"column":7}},"loc":{"start":{"line":18,"column":50},"end":{"line":28,"column":3}}},"2":{"name":"(anonymous_4)","decl":{"start":{"line":21,"column":44},"end":{"line":21,"column":45}},"loc":{"start":{"line":22,"column":6},"end":{"line":24,"column":8}}},"3":{"name":"(anonymous_5)","decl":{"start":{"line":30,"column":2},"end":{"line":30,"column":7}},"loc":{"start":{"line":30,"column":36},"end":{"line":37,"column":3}}},"4":{"name":"(anonymous_6)","decl":{"start":{"line":31,"column":40},"end":{"line":31,"column":41}},"loc":{"start":{"line":32,"column":6},"end":{"line":35,"column":8}}},"5":{"name":"(anonymous_7)","decl":{"start":{"line":39,"column":2},"end":{"line":39,"column":7}},"loc":{"start":{"line":39,"column":61},"end":{"line":50,"column":3}}},"6":{"name":"(anonymous_8)","decl":{"start":{"line":40,"column":44},"end":{"line":40,"column":49}},"loc":{"start":{"line":40,"column":57},"end":{"line":49,"column":5}}}},"branchMap":{"0":{"loc":{"start":{"line":42,"column":6},"end":{"line":44,"column":7}},"type":"if","locations":[{"start":{"line":42,"column":6},"end":{"line":44,"column":7}},{"start":{},"end":{}}]},"1":{"loc":{"start":{"line":8,"column":39},"end":{"line":8,"column":55}},"type":"cond-expr","locations":[{"start":{"line":8,"column":52},"end":{"line":8,"column":55}},{"start":{"line":8,"column":52},"end":{"line":8,"column":55}}]},"2":{"loc":{"start":{"line":8,"column":39},"end":{"line":8,"column":52}},"type":"binary-expr","locations":[{"start":{"line":8,"column":39},"end":{"line":8,"column":55}},{"start":{"line":8,"column":39},"end":{"line":8,"column":52}}]}},"s":{"0":1,"1":1,"2":1,"3":1,"4":1,"5":9,"6":9,"7":9,"8":9,"9":1,"10":1,"11":2,"12":2,"13":2,"14":0,"15":2,"16":1,"17":1},"f":{"0":1,"1":9,"2":9,"3":1,"4":1,"5":2,"6":2},"b":{"0":[0,2],"1":[1,0],"2":[1,1]}}
,"C:\\Users\\moham\\OneDrive - um5.ac.ma\\Desktop\\RestoLedger\\api\\src\\tenants\\dto\\add-membership.dto.ts": {"path":"C:\\Users\\moham\\OneDrive - um5.ac.ma\\Desktop\\RestoLedger\\api\\src\\tenants\\dto\\add-membership.dto.ts","statementMap":{"0":{"start":{"line":1,"column":0},"end":{"line":1,"column":48}},"1":{"start":{"line":2,"column":0},"end":{"line":2,"column":55}},"2":{"start":{"line":6,"column":25},"end":{"line":6,"column":63}},"3":{"start":{"line":8,"column":0},"end":{"line":8,"column":13}},"4":{"start":{"line":10,"column":2},"end":{"line":10,"column":null}},"5":{"start":{"line":13,"column":2},"end":{"line":13,"column":null}}},"fnMap":{},"branchMap":{},"s":{"0":1,"1":1,"2":1,"3":1,"4":1,"5":1},"f":{},"b":{}}
,"C:\\Users\\moham\\OneDrive - um5.ac.ma\\Desktop\\RestoLedger\\api\\src\\tenants\\dto\\create-tenant.dto.ts": {"path":"C:\\Users\\moham\\OneDrive - um5.ac.ma\\Desktop\\RestoLedger\\api\\src\\tenants\\dto\\create-tenant.dto.ts","statementMap":{"0":{"start":{"line":1,"column":0},"end":{"line":1,"column":54}},"1":{"start":{"line":3,"column":0},"end":{"line":3,"column":13}},"2":{"start":{"line":6,"column":2},"end":{"line":6,"column":null}}},"fnMap":{},"branchMap":{},"s":{"0":1,"1":1,"2":1},"f":{},"b":{}}
}
