TN:
SF:src\audit\audit.service.ts
FN:23,(anonymous_1)
FNF:1
FNH:1
FNDA:9,(anonymous_1)
DA:1,2
DA:2,2
DA:22,2
DA:24,9
LF:4
LH:4
BRDA:31,0,0,9
BRDA:31,0,1,7
BRDA:32,1,0,9
BRDA:32,1,1,0
BRF:4
BRH:3
end_of_record
TN:
SF:src\auth\auth.controller.ts
FN:16,(anonymous_4)
FN:20,(anonymous_5)
FN:27,(anonymous_6)
FN:34,(anonymous_7)
FNF:4
FNH:3
FNDA:1,(anonymous_4)
FNDA:11,(anonymous_5)
FNDA:11,(anonymous_6)
FNDA:0,(anonymous_7)
DA:1,1
DA:2,1
DA:3,1
DA:4,1
DA:5,1
DA:6,1
DA:12,1
DA:15,1
DA:16,1
DA:20,1
DA:21,11
DA:27,1
DA:28,11
DA:34,1
DA:35,0
LF:15
LH:14
BRDA:20,0,0,1
BRDA:20,0,1,0
BRDA:20,1,0,1
BRDA:20,1,1,1
BRDA:27,2,0,1
BRDA:27,2,1,0
BRDA:27,3,0,1
BRDA:27,3,1,1
BRDA:34,4,0,1
BRDA:34,4,1,0
BRDA:34,5,0,1
BRDA:34,5,1,1
BRDA:16,6,0,1
BRDA:16,6,1,0
BRDA:16,7,0,1
BRDA:16,7,1,1
BRF:16
BRH:12
end_of_record
TN:
SF:src\auth\auth.service.ts
FN:20,(anonymous_11)
FN:26,(anonymous_12)
FN:40,(anonymous_13)
FN:43,(anonymous_14)
FN:67,(anonymous_15)
FN:83,(anonymous_16)
FN:94,(anonymous_17)
FNF:7
FNH:7
FNDA:10,(anonymous_11)
FNDA:13,(anonymous_12)
FNDA:16,(anonymous_13)
FNDA:3,(anonymous_14)
FNDA:3,(anonymous_15)
FNDA:2,(anonymous_16)
FNDA:25,(anonymous_17)
DA:1,2
DA:6,2
DA:7,2
DA:8,2
DA:9,2
DA:14,2
DA:15,2
DA:16,2
DA:19,2
DA:21,10
DA:22,10
DA:23,10
DA:27,13
DA:28,13
DA:29,1
DA:32,12
DA:33,12
DA:37,12
DA:41,16
DA:43,16
DA:45,16
DA:47,15
DA:48,1
DA:51,14
DA:52,14
DA:53,2
DA:54,2
DA:57,12
DA:58,1
DA:64,12
DA:69,3
DA:70,3
DA:74,1
DA:77,2
DA:78,2
DA:80,1
DA:84,2
DA:86,2
DA:88,2
DA:95,25
DA:97,25
DA:108,25
LF:42
LH:42
BRDA:28,0,0,1
BRDA:28,0,1,12
BRDA:45,1,0,1
BRDA:45,1,1,15
BRDA:47,2,0,1
BRDA:47,2,1,14
BRDA:47,3,0,15
BRDA:47,3,1,1
BRDA:52,4,0,2
BRDA:52,4,1,12
BRDA:57,5,0,1
BRDA:57,5,1,11
BRDA:78,6,0,1
BRDA:78,6,1,1
BRDA:86,7,0,1
BRDA:86,7,1,1
BRDA:21,8,0,2
BRDA:21,8,1,0
BRDA:21,9,0,2
BRDA:21,9,1,2
BRDA:21,10,0,2
BRDA:21,10,1,0
BRDA:21,11,0,2
BRDA:21,11,1,2
BRDA:22,12,0,2
BRDA:22,12,1,0
BRDA:22,13,0,2
BRDA:22,13,1,2
BRF:28
BRH:25
end_of_record
TN:
SF:src\auth\dto\login.dto.ts
FNF:0
FNH:0
DA:1,1
DA:3,1
DA:5,1
DA:8,1
LF:4
LH:4
BRF:0
BRH:0
end_of_record
TN:
SF:src\auth\dto\refresh.dto.ts
FNF:0
FNH:0
DA:1,1
DA:3,1
DA:5,1
LF:3
LH:3
BRF:0
BRH:0
end_of_record
TN:
SF:src\auth\dto\register.dto.ts
FNF:0
FNH:0
DA:1,1
DA:3,1
DA:5,1
DA:9,1
DA:13,1
LF:5
LH:5
BRF:0
BRH:0
end_of_record
TN:
SF:src\auth\guards\jwt-auth.guard.ts
FNF:0
FNH:0
DA:1,1
DA:2,1
DA:5,1
LF:3
LH:3
BRF:0
BRH:0
end_of_record
TN:
SF:src\auth\strategies\jwt-access.strategy.ts
FN:9,(anonymous_2)
FN:17,(anonymous_3)
FNF:2
FNH:2
FNDA:1,(anonymous_2)
FNDA:27,(anonymous_3)
DA:1,1
DA:2,1
DA:3,1
DA:4,1
DA:8,1
DA:10,1
DA:18,27
LF:7
LH:7
BRDA:9,0,0,1
BRDA:9,0,1,0
BRDA:9,1,0,1
BRDA:9,1,1,1
BRF:4
BRH:3
end_of_record
TN:
SF:src\common\decorators\current-user.decorator.ts
FN:5,(anonymous_0)
FNF:1
FNH:1
FNDA:20,(anonymous_0)
DA:1,1
DA:4,1
DA:6,20
DA:7,20
LF:4
LH:4
BRF:0
BRH:0
end_of_record
TN:
SF:src\common\decorators\roles.decorator.ts
FN:5,(anonymous_0)
FNF:1
FNH:1
FNDA:4,(anonymous_0)
DA:1,2
DA:4,2
DA:5,4
LF:3
LH:3
BRF:0
BRH:0
end_of_record
TN:
SF:src\common\guards\tenant-membership.guard.ts
FN:20,(anonymous_2)
FN:25,(anonymous_3)
FN:34,(anonymous_4)
FNF:3
FNH:3
FNDA:8,(anonymous_2)
FNDA:22,(anonymous_3)
FNDA:17,(anonymous_4)
DA:1,2
DA:2,2
DA:3,2
DA:6,2
DA:19,2
DA:21,8
DA:22,8
DA:26,22
DA:27,22
DA:28,22
DA:30,22
DA:31,1
DA:34,21
DA:35,17
DA:40,21
DA:41,2
DA:44,19
DA:49,19
DA:50,3
DA:53,16
DA:54,16
DA:55,16
LF:22
LH:22
BRDA:30,0,0,1
BRDA:30,0,1,21
BRDA:30,1,0,22
BRDA:30,1,1,21
BRDA:40,2,0,2
BRDA:40,2,1,19
BRDA:49,3,0,3
BRDA:49,3,1,16
BRDA:49,4,0,19
BRDA:49,4,1,18
BRDA:21,5,0,2
BRDA:21,5,1,0
BRDA:21,6,0,2
BRDA:21,6,1,2
BRDA:21,7,0,2
BRDA:21,7,1,0
BRDA:21,8,0,2
BRDA:21,8,1,2
BRF:18
BRH:16
end_of_record
TN:
SF:src\health\health.controller.ts
FN:6,(anonymous_2)
FNF:1
FNH:0
FNDA:0,(anonymous_2)
DA:1,1
DA:4,1
DA:6,1
DA:7,0
LF:4
LH:3
BRF:0
BRH:0
end_of_record
TN:
SF:src\ledger\ledger.controller.ts
FN:15,(anonymous_4)
FN:19,(anonymous_5)
FN:29,(anonymous_6)
FN:39,(anonymous_7)
FNF:4
FNH:4
FNDA:1,(anonymous_4)
FNDA:7,(anonymous_5)
FNDA:2,(anonymous_6)
FNDA:3,(anonymous_7)
DA:1,1
DA:2,1
DA:4,1
DA:5,1
DA:6,1
DA:7,1
DA:8,1
DA:9,1
DA:10,1
DA:14,1
DA:15,1
DA:19,1
DA:24,7
DA:29,1
DA:34,2
DA:39,1
DA:45,3
LF:17
LH:17
BRDA:34,0,0,2
BRDA:34,0,1,0
BRDA:22,1,0,1
BRDA:22,1,1,0
BRDA:22,2,0,1
BRDA:22,2,1,1
BRDA:43,3,0,1
BRDA:43,3,1,0
BRDA:43,4,0,1
BRDA:43,4,1,1
BRDA:15,5,0,1
BRDA:15,5,1,0
BRDA:15,6,0,1
BRDA:15,6,1,1
BRF:14
BRH:10
end_of_record
TN:
SF:src\ledger\ledger.mapper.ts
FN:5,toLedgerEntryResponse
FNF:1
FNH:1
FNDA:20,toLedgerEntryResponse
DA:5,3
DA:6,20
DA:7,20
DA:8,20
DA:9,20
DA:10,20
DA:12,20
LF:7
LH:7
BRDA:7,0,0,4
BRDA:7,0,1,16
BRDA:8,1,0,4
BRDA:8,1,1,16
BRF:4
BRH:4
end_of_record
TN:
SF:src\ledger\ledger.service.ts
FN:10,(anonymous_2)
FN:15,(anonymous_3)
FN:18,(anonymous_4)
FN:45,(anonymous_5)
FN:46,(anonymous_6)
FN:58,(anonymous_7)
FN:64,(anonymous_8)
FNF:7
FNH:7
FNDA:7,(anonymous_2)
FNDA:9,(anonymous_3)
FNDA:9,(anonymous_4)
FNDA:2,(anonymous_5)
FNDA:2,(anonymous_6)
FNDA:7,(anonymous_7)
FNDA:7,(anonymous_8)
DA:1,2
DA:2,2
DA:3,2
DA:6,2
DA:9,2
DA:11,7
DA:12,7
DA:16,9
DA:18,9
DA:19,9
DA:30,9
DA:39,9
DA:42,9
DA:46,2
DA:47,2
DA:55,2
DA:64,7
DA:65,7
DA:66,7
DA:67,2
DA:69,5
DA:70,2
DA:73,3
DA:85,3
DA:95,3
DA:98,3
LF:26
LH:26
BRDA:25,0,0,0
BRDA:25,0,1,9
BRDA:45,1,0,0
BRDA:51,2,0,1
BRDA:51,2,1,1
BRDA:66,3,0,2
BRDA:66,3,1,5
BRDA:66,4,0,7
BRDA:66,4,1,6
BRDA:69,5,0,2
BRDA:69,5,1,3
BRDA:11,6,0,2
BRDA:11,6,1,0
BRDA:11,7,0,2
BRDA:11,7,1,2
BRDA:11,8,0,2
BRDA:11,8,1,0
BRDA:11,9,0,2
BRDA:11,9,1,2
BRF:19
BRH:15
end_of_record
TN:
SF:src\ledger\dto\create-ledger-entry.dto.ts
FNF:0
FNH:0
DA:1,1
DA:2,1
DA:6,1
DA:8,1
DA:10,1
DA:15,1
DA:20,1
DA:24,1
LF:8
LH:8
BRF:0
BRH:0
end_of_record
TN:
SF:src\ledger\dto\reverse-ledger-entry.dto.ts
FNF:0
FNH:0
DA:1,1
DA:3,1
DA:6,1
LF:3
LH:3
BRF:0
BRH:0
end_of_record
TN:
SF:src\prisma\prisma.service.ts
FN:23,(anonymous_2)
FN:28,(anonymous_3)
FN:32,(anonymous_4)
FN:52,(anonymous_5)
FN:56,(anonymous_6)
FN:70,(anonymous_7)
FN:74,(anonymous_8)
FNF:7
FNH:7
FNDA:1,(anonymous_2)
FNDA:1,(anonymous_3)
FNDA:1,(anonymous_4)
FNDA:42,(anonymous_5)
FNDA:42,(anonymous_6)
FNDA:1,(anonymous_7)
FNDA:1,(anonymous_8)
DA:1,4
DA:2,4
DA:3,4
DA:4,4
DA:14,4
DA:22,4
DA:24,1
DA:25,1
DA:29,1
DA:33,1
DA:56,42
DA:57,42
DA:58,42
DA:74,1
DA:75,1
DA:76,1
LF:16
LH:16
BRDA:23,0,0,4
BRDA:23,0,1,0
BRDA:23,1,0,4
BRDA:23,1,1,4
BRF:4
BRH:3
end_of_record
TN:
SF:src\tenants\tenants.controller.ts
FN:15,(anonymous_4)
FN:18,(anonymous_5)
FN:23,(anonymous_6)
FN:30,(anonymous_7)
FNF:4
FNH:4
FNDA:1,(anonymous_4)
FNDA:9,(anonymous_5)
FNDA:1,(anonymous_6)
FNDA:2,(anonymous_7)
DA:1,1
DA:2,1
DA:3,1
DA:4,1
DA:5,1
DA:7,1
DA:8,1
DA:9,1
DA:10,1
DA:14,1
DA:15,1
DA:18,1
DA:19,9
DA:23,1
DA:24,1
DA:30,1
DA:31,2
LF:17
LH:17
BRDA:18,0,0,1
BRDA:18,0,1,0
BRDA:18,1,0,1
BRDA:18,1,1,1
BRDA:30,2,0,1
BRDA:30,2,1,0
BRDA:30,3,0,1
BRDA:30,3,1,1
BRDA:15,4,0,1
BRDA:15,4,1,0
BRDA:15,5,0,1
BRDA:15,5,1,1
BRF:12
BRH:9
end_of_record
TN:
SF:src\tenants\tenants.service.ts
FN:8,(anonymous_2)
FN:18,(anonymous_3)
FN:21,(anonymous_4)
FN:30,(anonymous_5)
FN:31,(anonymous_6)
FN:39,(anonymous_7)
FN:40,(anonymous_8)
FNF:7
FNH:7
FNDA:1,(anonymous_2)
FNDA:9,(anonymous_3)
FNDA:9,(anonymous_4)
FNDA:1,(anonymous_5)
FNDA:1,(anonymous_6)
FNDA:2,(anonymous_7)
FNDA:2,(anonymous_8)
DA:1,1
DA:2,1
DA:3,1
DA:7,1
DA:8,1
DA:19,9
DA:21,9
DA:22,9
DA:27,9
DA:31,1
DA:32,1
DA:40,2
DA:41,2
DA:42,2
DA:43,0
DA:46,2
LF:16
LH:15
BRDA:42,0,0,0
BRDA:42,0,1,2
BRDA:8,1,0,1
BRDA:8,1,1,0
BRDA:8,2,0,1
BRDA:8,2,1,1
BRF:6
BRH:4
end_of_record
TN:
SF:src\tenants\dto\add-membership.dto.ts
FNF:0
FNH:0
DA:1,1
DA:2,1
DA:6,1
DA:8,1
DA:10,1
DA:13,1
LF:6
LH:6
BRF:0
BRH:0
end_of_record
TN:
SF:src\tenants\dto\create-tenant.dto.ts
FNF:0
FNH:0
DA:1,1
DA:3,1
DA:6,1
LF:3
LH:3
BRF:0
BRH:0
end_of_record
